CRITICAL - 2024-01-22 22:32:01 --> Undefined variable $foler
in APPPATH\Views\pages\ManageFiles.php on line 11.
 1 APPPATH\Views\pages\ManageFiles.php(11): CodeIgniter\Debug\Exceptions->errorHandler(2, 'Undefined variable $foler', 'APPPATH\\Views\\pages\\ManageFiles.php', 11)
 2 SYSTEMPATH\View\View.php(213): include('APPPATH\\Views\\pages\\ManageFiles.php')
 3 SYSTEMPATH\View\View.php(216): CodeIgniter\View\View->CodeIgniter\View\{closure}()
 4 SYSTEMPATH\Common.php(1134): CodeIgniter\View\View->render('pages/ManageFiles.php', [], true)
 5 APPPATH\Controllers\FolderController.php(50): view('pages/ManageFiles.php', [...])
 6 SYSTEMPATH\CodeIgniter.php(927): App\Controllers\FolderController->show_files('1')
 7 SYSTEMPATH\CodeIgniter.php(482): CodeIgniter\CodeIgniter->runController(Object(App\Controllers\FolderController))
 8 SYSTEMPATH\CodeIgniter.php(351): CodeIgniter\CodeIgniter->handleRequest(null, Object(Config\Cache), false)
 9 FCPATH\index.php(67): CodeIgniter\CodeIgniter->run()
10 SYSTEMPATH\Commands\Server\rewrite.php(46): require_once('FCPATH\\index.php')
CRITICAL - 2024-01-22 22:32:11 --> Undefined variable $foler
in APPPATH\Views\pages\ManageFiles.php on line 11.
 1 APPPATH\Views\pages\ManageFiles.php(11): CodeIgniter\Debug\Exceptions->errorHandler(2, 'Undefined variable $foler', 'APPPATH\\Views\\pages\\ManageFiles.php', 11)
 2 SYSTEMPATH\View\View.php(213): include('APPPATH\\Views\\pages\\ManageFiles.php')
 3 SYSTEMPATH\View\View.php(216): CodeIgniter\View\View->CodeIgniter\View\{closure}()
 4 SYSTEMPATH\Common.php(1134): CodeIgniter\View\View->render('pages/ManageFiles.php', [], true)
 5 APPPATH\Controllers\FolderController.php(50): view('pages/ManageFiles.php', [...])
 6 SYSTEMPATH\CodeIgniter.php(927): App\Controllers\FolderController->show_files('1')
 7 SYSTEMPATH\CodeIgniter.php(482): CodeIgniter\CodeIgniter->runController(Object(App\Controllers\FolderController))
 8 SYSTEMPATH\CodeIgniter.php(351): CodeIgniter\CodeIgniter->handleRequest(null, Object(Config\Cache), false)
 9 FCPATH\index.php(67): CodeIgniter\CodeIgniter->run()
10 SYSTEMPATH\Commands\Server\rewrite.php(46): require_once('FCPATH\\index.php')
CRITICAL - 2024-01-22 22:32:27 --> Attempt to read property "name" on array
in APPPATH\Views\pages\ManageFiles.php on line 11.
 1 APPPATH\Views\pages\ManageFiles.php(11): CodeIgniter\Debug\Exceptions->errorHandler(2, 'Attempt to read property "name" on array', 'APPPATH\\Views\\pages\\ManageFiles.php', 11)
 2 SYSTEMPATH\View\View.php(213): include('APPPATH\\Views\\pages\\ManageFiles.php')
 3 SYSTEMPATH\View\View.php(216): CodeIgniter\View\View->CodeIgniter\View\{closure}()
 4 SYSTEMPATH\Common.php(1134): CodeIgniter\View\View->render('pages/ManageFiles.php', [], true)
 5 APPPATH\Controllers\FolderController.php(50): view('pages/ManageFiles.php', [...])
 6 SYSTEMPATH\CodeIgniter.php(927): App\Controllers\FolderController->show_files('1')
 7 SYSTEMPATH\CodeIgniter.php(482): CodeIgniter\CodeIgniter->runController(Object(App\Controllers\FolderController))
 8 SYSTEMPATH\CodeIgniter.php(351): CodeIgniter\CodeIgniter->handleRequest(null, Object(Config\Cache), false)
 9 FCPATH\index.php(67): CodeIgniter\CodeIgniter->run()
10 SYSTEMPATH\Commands\Server\rewrite.php(46): require_once('FCPATH\\index.php')
CRITICAL - 2024-01-22 22:32:30 --> Attempt to read property "name" on array
in APPPATH\Views\pages\ManageFiles.php on line 11.
 1 APPPATH\Views\pages\ManageFiles.php(11): CodeIgniter\Debug\Exceptions->errorHandler(2, 'Attempt to read property "name" on array', 'APPPATH\\Views\\pages\\ManageFiles.php', 11)
 2 SYSTEMPATH\View\View.php(213): include('APPPATH\\Views\\pages\\ManageFiles.php')
 3 SYSTEMPATH\View\View.php(216): CodeIgniter\View\View->CodeIgniter\View\{closure}()
 4 SYSTEMPATH\Common.php(1134): CodeIgniter\View\View->render('pages/ManageFiles.php', [], true)
 5 APPPATH\Controllers\FolderController.php(50): view('pages/ManageFiles.php', [...])
 6 SYSTEMPATH\CodeIgniter.php(927): App\Controllers\FolderController->show_files('1')
 7 SYSTEMPATH\CodeIgniter.php(482): CodeIgniter\CodeIgniter->runController(Object(App\Controllers\FolderController))
 8 SYSTEMPATH\CodeIgniter.php(351): CodeIgniter\CodeIgniter->handleRequest(null, Object(Config\Cache), false)
 9 FCPATH\index.php(67): CodeIgniter\CodeIgniter->run()
10 SYSTEMPATH\Commands\Server\rewrite.php(46): require_once('FCPATH\\index.php')
CRITICAL - 2024-01-22 22:33:11 --> Attempt to read property "name" on array
in APPPATH\Views\pages\ManageFiles.php on line 11.
 1 APPPATH\Views\pages\ManageFiles.php(11): CodeIgniter\Debug\Exceptions->errorHandler(2, 'Attempt to read property "name" on array', 'APPPATH\\Views\\pages\\ManageFiles.php', 11)
 2 SYSTEMPATH\View\View.php(213): include('APPPATH\\Views\\pages\\ManageFiles.php')
 3 SYSTEMPATH\View\View.php(216): CodeIgniter\View\View->CodeIgniter\View\{closure}()
 4 SYSTEMPATH\Common.php(1134): CodeIgniter\View\View->render('pages/ManageFiles.php', [], true)
 5 APPPATH\Controllers\FolderController.php(50): view('pages/ManageFiles.php', [...])
 6 SYSTEMPATH\CodeIgniter.php(927): App\Controllers\FolderController->show_files('1')
 7 SYSTEMPATH\CodeIgniter.php(482): CodeIgniter\CodeIgniter->runController(Object(App\Controllers\FolderController))
 8 SYSTEMPATH\CodeIgniter.php(351): CodeIgniter\CodeIgniter->handleRequest(null, Object(Config\Cache), false)
 9 FCPATH\index.php(67): CodeIgniter\CodeIgniter->run()
10 SYSTEMPATH\Commands\Server\rewrite.php(46): require_once('FCPATH\\index.php')
CRITICAL - 2024-01-22 22:33:14 --> Attempt to read property "name" on array
in APPPATH\Views\pages\ManageFiles.php on line 11.
 1 APPPATH\Views\pages\ManageFiles.php(11): CodeIgniter\Debug\Exceptions->errorHandler(2, 'Attempt to read property "name" on array', 'APPPATH\\Views\\pages\\ManageFiles.php', 11)
 2 SYSTEMPATH\View\View.php(213): include('APPPATH\\Views\\pages\\ManageFiles.php')
 3 SYSTEMPATH\View\View.php(216): CodeIgniter\View\View->CodeIgniter\View\{closure}()
 4 SYSTEMPATH\Common.php(1134): CodeIgniter\View\View->render('pages/ManageFiles.php', [], true)
 5 APPPATH\Controllers\FolderController.php(50): view('pages/ManageFiles.php', [...])
 6 SYSTEMPATH\CodeIgniter.php(927): App\Controllers\FolderController->show_files('1')
 7 SYSTEMPATH\CodeIgniter.php(482): CodeIgniter\CodeIgniter->runController(Object(App\Controllers\FolderController))
 8 SYSTEMPATH\CodeIgniter.php(351): CodeIgniter\CodeIgniter->handleRequest(null, Object(Config\Cache), false)
 9 FCPATH\index.php(67): CodeIgniter\CodeIgniter->run()
10 SYSTEMPATH\Commands\Server\rewrite.php(46): require_once('FCPATH\\index.php')
CRITICAL - 2024-01-22 22:33:45 --> Undefined array key "name"
in APPPATH\Views\pages\ManageFiles.php on line 11.
 1 APPPATH\Views\pages\ManageFiles.php(11): CodeIgniter\Debug\Exceptions->errorHandler(2, 'Undefined array key "name"', 'APPPATH\\Views\\pages\\ManageFiles.php', 11)
 2 SYSTEMPATH\View\View.php(213): include('APPPATH\\Views\\pages\\ManageFiles.php')
 3 SYSTEMPATH\View\View.php(216): CodeIgniter\View\View->CodeIgniter\View\{closure}()
 4 SYSTEMPATH\Common.php(1134): CodeIgniter\View\View->render('pages/ManageFiles.php', [], true)
 5 APPPATH\Controllers\FolderController.php(50): view('pages/ManageFiles.php', [...])
 6 SYSTEMPATH\CodeIgniter.php(927): App\Controllers\FolderController->show_files('1')
 7 SYSTEMPATH\CodeIgniter.php(482): CodeIgniter\CodeIgniter->runController(Object(App\Controllers\FolderController))
 8 SYSTEMPATH\CodeIgniter.php(351): CodeIgniter\CodeIgniter->handleRequest(null, Object(Config\Cache), false)
 9 FCPATH\index.php(67): CodeIgniter\CodeIgniter->run()
10 SYSTEMPATH\Commands\Server\rewrite.php(46): require_once('FCPATH\\index.php')
CRITICAL - 2024-01-22 22:33:48 --> Undefined array key "name"
in APPPATH\Views\pages\ManageFiles.php on line 11.
 1 APPPATH\Views\pages\ManageFiles.php(11): CodeIgniter\Debug\Exceptions->errorHandler(2, 'Undefined array key "name"', 'APPPATH\\Views\\pages\\ManageFiles.php', 11)
 2 SYSTEMPATH\View\View.php(213): include('APPPATH\\Views\\pages\\ManageFiles.php')
 3 SYSTEMPATH\View\View.php(216): CodeIgniter\View\View->CodeIgniter\View\{closure}()
 4 SYSTEMPATH\Common.php(1134): CodeIgniter\View\View->render('pages/ManageFiles.php', [], true)
 5 APPPATH\Controllers\FolderController.php(50): view('pages/ManageFiles.php', [...])
 6 SYSTEMPATH\CodeIgniter.php(927): App\Controllers\FolderController->show_files('1')
 7 SYSTEMPATH\CodeIgniter.php(482): CodeIgniter\CodeIgniter->runController(Object(App\Controllers\FolderController))
 8 SYSTEMPATH\CodeIgniter.php(351): CodeIgniter\CodeIgniter->handleRequest(null, Object(Config\Cache), false)
 9 FCPATH\index.php(67): CodeIgniter\CodeIgniter->run()
10 SYSTEMPATH\Commands\Server\rewrite.php(46): require_once('FCPATH\\index.php')
CRITICAL - 2024-01-22 22:34:33 --> Undefined array key "name"
in APPPATH\Views\pages\ManageFiles.php on line 11.
 1 APPPATH\Views\pages\ManageFiles.php(11): CodeIgniter\Debug\Exceptions->errorHandler(2, 'Undefined array key "name"', 'APPPATH\\Views\\pages\\ManageFiles.php', 11)
 2 SYSTEMPATH\View\View.php(213): include('APPPATH\\Views\\pages\\ManageFiles.php')
 3 SYSTEMPATH\View\View.php(216): CodeIgniter\View\View->CodeIgniter\View\{closure}()
 4 SYSTEMPATH\Common.php(1134): CodeIgniter\View\View->render('pages/ManageFiles.php', [], true)
 5 APPPATH\Controllers\FolderController.php(50): view('pages/ManageFiles.php', [...])
 6 SYSTEMPATH\CodeIgniter.php(927): App\Controllers\FolderController->show_files('1')
 7 SYSTEMPATH\CodeIgniter.php(482): CodeIgniter\CodeIgniter->runController(Object(App\Controllers\FolderController))
 8 SYSTEMPATH\CodeIgniter.php(351): CodeIgniter\CodeIgniter->handleRequest(null, Object(Config\Cache), false)
 9 FCPATH\index.php(67): CodeIgniter\CodeIgniter->run()
10 SYSTEMPATH\Commands\Server\rewrite.php(46): require_once('FCPATH\\index.php')
CRITICAL - 2024-01-22 22:34:36 --> Undefined array key "name"
in APPPATH\Views\pages\ManageFiles.php on line 11.
 1 APPPATH\Views\pages\ManageFiles.php(11): CodeIgniter\Debug\Exceptions->errorHandler(2, 'Undefined array key "name"', 'APPPATH\\Views\\pages\\ManageFiles.php', 11)
 2 SYSTEMPATH\View\View.php(213): include('APPPATH\\Views\\pages\\ManageFiles.php')
 3 SYSTEMPATH\View\View.php(216): CodeIgniter\View\View->CodeIgniter\View\{closure}()
 4 SYSTEMPATH\Common.php(1134): CodeIgniter\View\View->render('pages/ManageFiles.php', [], true)
 5 APPPATH\Controllers\FolderController.php(50): view('pages/ManageFiles.php', [...])
 6 SYSTEMPATH\CodeIgniter.php(927): App\Controllers\FolderController->show_files('1')
 7 SYSTEMPATH\CodeIgniter.php(482): CodeIgniter\CodeIgniter->runController(Object(App\Controllers\FolderController))
 8 SYSTEMPATH\CodeIgniter.php(351): CodeIgniter\CodeIgniter->handleRequest(null, Object(Config\Cache), false)
 9 FCPATH\index.php(67): CodeIgniter\CodeIgniter->run()
10 SYSTEMPATH\Commands\Server\rewrite.php(46): require_once('FCPATH\\index.php')
CRITICAL - 2024-01-22 23:07:35 --> Too few arguments to function App\Controllers\FolderController::files(), 0 passed in D:\Downloads\google-drive-api-system\system\CodeIgniter.php on line 927 and exactly 1 expected
in APPPATH\Controllers\FolderController.php on line 39.
 1 SYSTEMPATH\CodeIgniter.php(927): App\Controllers\FolderController->files()
 2 SYSTEMPATH\CodeIgniter.php(482): CodeIgniter\CodeIgniter->runController(Object(App\Controllers\FolderController))
 3 SYSTEMPATH\CodeIgniter.php(351): CodeIgniter\CodeIgniter->handleRequest(null, Object(Config\Cache), false)
 4 FCPATH\index.php(67): CodeIgniter\CodeIgniter->run()
 5 SYSTEMPATH\Commands\Server\rewrite.php(46): require_once('FCPATH\\index.php')
CRITICAL - 2024-01-22 23:07:42 --> Too few arguments to function App\Controllers\FolderController::files(), 0 passed in D:\Downloads\google-drive-api-system\system\CodeIgniter.php on line 927 and exactly 1 expected
in APPPATH\Controllers\FolderController.php on line 39.
 1 SYSTEMPATH\CodeIgniter.php(927): App\Controllers\FolderController->files()
 2 SYSTEMPATH\CodeIgniter.php(482): CodeIgniter\CodeIgniter->runController(Object(App\Controllers\FolderController))
 3 SYSTEMPATH\CodeIgniter.php(351): CodeIgniter\CodeIgniter->handleRequest(null, Object(Config\Cache), false)
 4 FCPATH\index.php(67): CodeIgniter\CodeIgniter->run()
 5 SYSTEMPATH\Commands\Server\rewrite.php(46): require_once('FCPATH\\index.php')
CRITICAL - 2024-01-22 23:08:28 --> Undefined variable $current_folder_id
in APPPATH\Controllers\FolderController.php on line 51.
 1 APPPATH\Controllers\FolderController.php(51): CodeIgniter\Debug\Exceptions->errorHandler(2, 'Undefined variable $current_folder_id', 'APPPATH\\Controllers\\FolderController.php', 51)
 2 SYSTEMPATH\CodeIgniter.php(927): App\Controllers\FolderController->files('1')
 3 SYSTEMPATH\CodeIgniter.php(482): CodeIgniter\CodeIgniter->runController(Object(App\Controllers\FolderController))
 4 SYSTEMPATH\CodeIgniter.php(351): CodeIgniter\CodeIgniter->handleRequest(null, Object(Config\Cache), false)
 5 FCPATH\index.php(67): CodeIgniter\CodeIgniter->run()
 6 SYSTEMPATH\Commands\Server\rewrite.php(46): require_once('FCPATH\\index.php')
CRITICAL - 2024-01-22 23:08:35 --> Undefined variable $current_folder_id
in APPPATH\Controllers\FolderController.php on line 51.
 1 APPPATH\Controllers\FolderController.php(51): CodeIgniter\Debug\Exceptions->errorHandler(2, 'Undefined variable $current_folder_id', 'APPPATH\\Controllers\\FolderController.php', 51)
 2 SYSTEMPATH\CodeIgniter.php(927): App\Controllers\FolderController->files('1')
 3 SYSTEMPATH\CodeIgniter.php(482): CodeIgniter\CodeIgniter->runController(Object(App\Controllers\FolderController))
 4 SYSTEMPATH\CodeIgniter.php(351): CodeIgniter\CodeIgniter->handleRequest(null, Object(Config\Cache), false)
 5 FCPATH\index.php(67): CodeIgniter\CodeIgniter->run()
 6 SYSTEMPATH\Commands\Server\rewrite.php(46): require_once('FCPATH\\index.php')
